<?xml version="1.0" encoding="utf-8"?><testsuites><testsuite name="pytest" errors="0" failures="0" skipped="0" tests="6" time="0.075" timestamp="2023-10-06T08:33:21.473660" hostname="EPGETBIW052E"><testcase classname="test_adventureworks2012" name="test_address_row_count" time="0.032" /><testcase classname="test_adventureworks2012" name="test_address_distinct_cities" time="0.013" /><testcase classname="test_adventureworks2012" name="test_document_row_count" time="0.002" /><testcase classname="test_adventureworks2012" name="test_document_max_summary_length" time="0.002" /><testcase classname="test_adventureworks2012" name="test_unit_measure_row_count" time="0.001" /><testcase classname="test_adventureworks2012" name="test_unit_measure_unique_names" time="0.002" /></testsuite></testsuites>